2025-06-06 14:55:17,365 - ERROR - Could not connect to MongoDB: SSL handshake failed: ac-yaxcrpl-shard-00-01.ls7ppiu.mongodb.net:27017: [SSL: TLSV1_ALERT_INTERNAL_ERROR] tlsv1 alert internal error (_ssl.c:1006) (configured timeouts: socketTimeoutMS: 20000.0ms, connectTimeoutMS: 20000.0ms),SSL handshake failed: ac-yaxcrpl-shard-00-02.ls7ppiu.mongodb.net:27017: [SSL: TLSV1_ALERT_INTERNAL_ERROR] tlsv1 alert internal error (_ssl.c:1006) (configured timeouts: socketTimeoutMS: 20000.0ms, connectTimeoutMS: 20000.0ms),SSL handshake failed: ac-yaxcrpl-shard-00-00.ls7ppiu.mongodb.net:27017: [SSL: TLSV1_ALERT_INTERNAL_ERROR] tlsv1 alert internal error (_ssl.c:1006) (configured timeouts: socketTimeoutMS: 20000.0ms, connectTimeoutMS: 20000.0ms), Timeout: 5.0s, Topology Description: <TopologyDescription id: 6842b3f3d7bd28eca35917c0, topology_type: ReplicaSetNoPrimary, servers: [<ServerDescription ('ac-yaxcrpl-shard-00-00.ls7ppiu.mongodb.net', 27017) server_type: Unknown, rtt: None, error=AutoReconnect('SSL handshake failed: ac-yaxcrpl-shard-00-00.ls7ppiu.mongodb.net:27017: [SSL: TLSV1_ALERT_INTERNAL_ERROR] tlsv1 alert internal error (_ssl.c:1006) (configured timeouts: socketTimeoutMS: 20000.0ms, connectTimeoutMS: 20000.0ms)')>, <ServerDescription ('ac-yaxcrpl-shard-00-01.ls7ppiu.mongodb.net', 27017) server_type: Unknown, rtt: None, error=AutoReconnect('SSL handshake failed: ac-yaxcrpl-shard-00-01.ls7ppiu.mongodb.net:27017: [SSL: TLSV1_ALERT_INTERNAL_ERROR] tlsv1 alert internal error (_ssl.c:1006) (configured timeouts: socketTimeoutMS: 20000.0ms, connectTimeoutMS: 20000.0ms)')>, <ServerDescription ('ac-yaxcrpl-shard-00-02.ls7ppiu.mongodb.net', 27017) server_type: Unknown, rtt: None, error=AutoReconnect('SSL handshake failed: ac-yaxcrpl-shard-00-02.ls7ppiu.mongodb.net:27017: [SSL: TLSV1_ALERT_INTERNAL_ERROR] tlsv1 alert internal error (_ssl.c:1006) (configured timeouts: socketTimeoutMS: 20000.0ms, connectTimeoutMS: 20000.0ms)')>]>
2025-06-10 10:37:50,453 - INFO - [CONNECTING] Attempting to connect to broker.emqx.io:1883
2025-06-10 10:37:50,881 - INFO - [START] MQTT loop
2025-06-10 10:37:51,339 - INFO - [SUCCESS] Connected to broker.emqx.io:1883
2025-06-10 10:37:51,340 - INFO - [SUBSCRIBED] TEMP/SUB/# with QoS 1
2025-06-10 10:37:58,863 - INFO - [2025-06-10 10:37:58] Data on 'TEMP/SUB/': {"T":"29.90 C","H":"71.45 %"}
2025-06-10 10:38:22,785 - INFO - [2025-06-10 10:38:22] Data on 'TEMP/SUB/': {"T":"29.92 C","H":"71.41 %"}
2025-06-10 10:38:46,698 - INFO - [2025-06-10 10:38:46] Data on 'TEMP/SUB/': {"T":"29.95 C","H":"71.32 %"}
2025-06-10 10:39:10,627 - INFO - [2025-06-10 10:39:10] Data on 'TEMP/SUB/': {"T":"29.94 C","H":"71.19 %"}
2025-06-10 10:39:34,592 - INFO - [2025-06-10 10:39:34] Data on 'TEMP/SUB/': {"T":"29.92 C","H":"71.23 %"}
2025-06-10 10:39:58,557 - INFO - [2025-06-10 10:39:58] Data on 'TEMP/SUB/': {"T":"29.91 C","H":"71.28 %"}
2025-06-10 10:40:22,423 - INFO - [2025-06-10 10:40:22] Data on 'TEMP/SUB/': {"T":"29.90 C","H":"71.29 %"}
2025-06-10 10:40:46,487 - INFO - [2025-06-10 10:40:46] Data on 'TEMP/SUB/': {"T":"29.89 C","H":"71.33 %"}
2025-06-10 10:41:10,342 - INFO - [2025-06-10 10:41:10] Data on 'TEMP/SUB/': {"T":"29.91 C","H":"71.24 %"}
2025-06-10 10:41:34,267 - INFO - [2025-06-10 10:41:34] Data on 'TEMP/SUB/': {"T":"29.90 C","H":"71.20 %"}
2025-06-10 10:41:58,212 - INFO - [2025-06-10 10:41:58] Data on 'TEMP/SUB/': {"T":"29.90 C","H":"71.17 %"}
2025-06-10 10:42:22,271 - INFO - [2025-06-10 10:42:22] Data on 'TEMP/SUB/': {"T":"29.90 C","H":"71.14 %"}
2025-06-10 10:42:46,128 - INFO - [2025-06-10 10:42:46] Data on 'TEMP/SUB/': {"T":"29.90 C","H":"71.11 %"}
2025-06-10 10:43:18,980 - INFO - [2025-06-10 10:43:18] Data on 'TEMP/SUB/': {"T":"29.91 C","H":"71.06 %"}
2025-06-10 10:43:22,480 - INFO - [2025-06-10 10:43:22] Data on 'TEMP/SUB/': {"T":"29.91 C","H":"71.06 %"}
2025-06-10 10:43:46,396 - INFO - [2025-06-10 10:43:46] Data on 'TEMP/SUB/': {"T":"29.92 C","H":"71.05 %"}
2025-06-10 10:43:48,169 - INFO - [2025-06-10 10:43:48] Data on 'TEMP/SUB/': {"T":"29.92 C","H":"71.05 %"}
2025-06-10 10:43:58,977 - INFO - [2025-06-10 10:43:58] Data on 'TEMP/SUB/': {"T":"29.92 C","H":"71.05 %"}
2025-06-10 10:43:59,071 - INFO - [2025-06-10 10:43:59] Data on 'TEMP/SUB/': {"T":"29.92 C","H":"71.05 %"}
2025-06-10 10:43:59,190 - INFO - [2025-06-10 10:43:59] Data on 'TEMP/SUB/': {"T":"29.92 C","H":"71.05 %"}
2025-06-10 10:43:59,265 - INFO - [2025-06-10 10:43:59] Data on 'TEMP/SUB/': {"T":"29.92 C","H":"71.05 %"}
2025-06-10 10:43:59,333 - INFO - [2025-06-10 10:43:59] Data on 'TEMP/SUB/': {"T":"29.92 C","H":"71.05 %"}
2025-06-10 10:43:59,433 - INFO - [2025-06-10 10:43:59] Data on 'TEMP/SUB/': {"T":"29.92 C","H":"71.05 %"}
2025-06-10 10:43:59,497 - INFO - [2025-06-10 10:43:59] Data on 'TEMP/SUB/': {"T":"29.92 C","H":"71.05 %"}
2025-06-10 10:43:59,641 - INFO - [2025-06-10 10:43:59] Data on 'TEMP/SUB/': {"T":"29.92 C","H":"71.05 %"}
2025-06-10 10:43:59,729 - INFO - [2025-06-10 10:43:59] Data on 'TEMP/SUB/': {"T":"29.92 C","H":"71.05 %"}
2025-06-10 10:43:59,799 - INFO - [2025-06-10 10:43:59] Data on 'TEMP/SUB/': {"T":"29.92 C","H":"71.05 %"}
2025-06-10 10:44:10,261 - INFO - [2025-06-10 10:44:10] Data on 'TEMP/SUB/': {"T":"29.91 C","H":"71.01 %"}
2025-06-10 10:44:34,313 - INFO - [2025-06-10 10:44:34] Data on 'TEMP/SUB/': {"T":"29.90 C","H":"71.03 %"}
2025-06-10 10:44:58,015 - INFO - [2025-06-10 10:44:58] Data on 'TEMP/SUB/': {"T":"29.91 C","H":"70.91 %"}
2025-06-10 10:45:21,950 - INFO - [2025-06-10 10:45:21] Data on 'TEMP/SUB/': {"T":"29.90 C","H":"70.88 %"}
2025-06-10 10:45:45,818 - INFO - [2025-06-10 10:45:45] Data on 'TEMP/SUB/': {"T":"29.90 C","H":"70.86 %"}
2025-06-10 10:46:09,718 - INFO - [2025-06-10 10:46:09] Data on 'TEMP/SUB/': {"T":"29.91 C","H":"70.74 %"}
2025-06-10 10:46:33,625 - INFO - [2025-06-10 10:46:33] Data on 'TEMP/SUB/': {"T":"29.91 C","H":"70.70 %"}
2025-06-10 10:46:57,539 - INFO - [2025-06-10 10:46:57] Data on 'TEMP/SUB/': {"T":"29.90 C","H":"70.64 %"}
2025-06-10 10:47:21,456 - INFO - [2025-06-10 10:47:21] Data on 'TEMP/SUB/': {"T":"29.91 C","H":"70.62 %"}
2025-06-10 10:47:45,523 - INFO - [2025-06-10 10:47:45] Data on 'TEMP/SUB/': {"T":"29.90 C","H":"70.56 %"}
2025-06-10 10:48:09,308 - INFO - [2025-06-10 10:48:09] Data on 'TEMP/SUB/': {"T":"29.91 C","H":"70.51 %"}
2025-06-10 10:48:33,307 - INFO - [2025-06-10 10:48:33] Data on 'TEMP/SUB/': {"T":"29.91 C","H":"70.42 %"}
2025-06-10 10:49:23,067 - INFO - [CONNECTING] Attempting to connect to broker.emqx.io:1883
2025-06-10 10:49:23,454 - INFO - [START] MQTT loop
2025-06-10 10:49:24,244 - INFO - [SUCCESS] Connected to broker.emqx.io:1883
2025-06-10 10:49:24,245 - INFO - [SUBSCRIBED] TEMP/SUB/# with QoS 1
2025-06-10 10:49:45,014 - INFO - [2025-06-10 10:49:45] Data on 'TEMP/SUB/': {"T":"29.89 C","H":"70.62 %"}
2025-06-10 10:50:08,956 - INFO - [2025-06-10 10:50:08] Data on 'TEMP/SUB/': {"T":"29.94 C","H":"70.28 %"}
2025-06-10 10:50:32,917 - INFO - [2025-06-10 10:50:32] Data on 'TEMP/SUB/': {"T":"29.95 C","H":"70.23 %"}
2025-06-10 10:50:56,841 - INFO - [2025-06-10 10:50:56] Data on 'TEMP/SUB/': {"T":"29.95 C","H":"70.24 %"}
2025-06-10 10:51:42,081 - INFO - [CONNECTING] Attempting to connect to broker.emqx.io:1883
2025-06-10 10:51:42,397 - INFO - [START] MQTT loop
2025-06-10 10:51:42,857 - INFO - [SUCCESS] Connected to broker.emqx.io:1883
2025-06-10 10:51:42,857 - INFO - [SUBSCRIBED] TEMP/SUB/# with QoS 1
2025-06-10 10:51:44,786 - INFO - [2025-06-10 10:51:44] Data on 'TEMP/SUB/': {"T":"29.95 C","H":"70.11 %"}
2025-06-10 10:52:08,761 - INFO - [2025-06-10 10:52:08] Data on 'TEMP/SUB/': {"T":"29.95 C","H":"70.03 %"}
2025-06-10 10:52:32,672 - INFO - [2025-06-10 10:52:32] Data on 'TEMP/SUB/': {"T":"29.96 C","H":"70.05 %"}
2025-06-10 10:52:56,642 - INFO - [2025-06-10 10:52:56] Data on 'TEMP/SUB/': {"T":"29.97 C","H":"69.92 %"}
2025-06-10 10:53:20,880 - INFO - [2025-06-10 10:53:20] Data on 'TEMP/SUB/': {"T":"29.97 C","H":"69.88 %"}
2025-06-10 10:53:44,565 - INFO - [2025-06-10 10:53:44] Data on 'TEMP/SUB/': {"T":"29.98 C","H":"69.85 %"}
2025-06-10 10:54:08,534 - INFO - [2025-06-10 10:54:08] Data on 'TEMP/SUB/': {"T":"29.99 C","H":"69.69 %"}
2025-06-10 10:54:32,617 - INFO - [2025-06-10 10:54:32] Data on 'TEMP/SUB/': {"T":"29.99 C","H":"69.63 %"}
2025-06-10 10:54:56,618 - INFO - [2025-06-10 10:54:56] Data on 'TEMP/SUB/': {"T":"30.00 C","H":"69.43 %"}
2025-06-10 10:55:20,473 - INFO - [2025-06-10 10:55:20] Data on 'TEMP/SUB/': {"T":"30.00 C","H":"69.39 %"}
2025-06-10 10:55:44,550 - INFO - [2025-06-10 10:55:44] Data on 'TEMP/SUB/': {"T":"30.00 C","H":"69.29 %"}
2025-06-10 10:56:08,494 - INFO - [2025-06-10 10:56:08] Data on 'TEMP/SUB/': {"T":"30.01 C","H":"69.13 %"}
2025-06-10 10:56:32,448 - INFO - [2025-06-10 10:56:32] Data on 'TEMP/SUB/': {"T":"30.01 C","H":"69.01 %"}
2025-06-10 10:56:56,502 - INFO - [2025-06-10 10:56:56] Data on 'TEMP/SUB/': {"T":"30.00 C","H":"68.97 %"}
2025-06-10 10:57:20,494 - INFO - [2025-06-10 10:57:20] Data on 'TEMP/SUB/': {"T":"30.02 C","H":"68.83 %"}
2025-06-10 10:57:44,481 - INFO - [2025-06-10 10:57:44] Data on 'TEMP/SUB/': {"T":"30.03 C","H":"68.47 %"}
2025-06-10 10:57:45,943 - INFO - [2025-06-10 10:57:45] Data on 'TEMP/SUB/': {"T":"30.03 C","H":"68.47 %"}
2025-06-10 10:58:08,451 - INFO - [2025-06-10 10:58:08] Data on 'TEMP/SUB/': {"T":"30.03 C","H":"68.39 %"}
2025-06-10 10:58:32,545 - INFO - [2025-06-10 10:58:32] Data on 'TEMP/SUB/': {"T":"30.03 C","H":"68.40 %"}
2025-06-10 10:58:56,545 - INFO - [2025-06-10 10:58:56] Data on 'TEMP/SUB/': {"T":"30.03 C","H":"68.37 %"}
2025-06-10 10:59:20,484 - INFO - [2025-06-10 10:59:20] Data on 'TEMP/SUB/': {"T":"30.03 C","H":"68.39 %"}
2025-06-10 10:59:44,543 - INFO - [2025-06-10 10:59:44] Data on 'TEMP/SUB/': {"T":"30.03 C","H":"68.34 %"}
2025-06-10 11:00:08,622 - INFO - [2025-06-10 11:00:08] Data on 'TEMP/SUB/': {"T":"30.03 C","H":"68.25 %"}
2025-06-10 11:00:32,618 - INFO - [2025-06-10 11:00:32] Data on 'TEMP/SUB/': {"T":"30.04 C","H":"68.24 %"}
2025-06-10 11:00:56,587 - INFO - [2025-06-10 11:00:56] Data on 'TEMP/SUB/': {"T":"30.03 C","H":"68.18 %"}
2025-06-10 11:01:20,619 - INFO - [2025-06-10 11:01:20] Data on 'TEMP/SUB/': {"T":"30.03 C","H":"68.09 %"}
2025-06-10 11:01:44,796 - INFO - [2025-06-10 11:01:44] Data on 'TEMP/SUB/': {"T":"30.03 C","H":"68.05 %"}
2025-06-10 11:02:08,697 - INFO - [2025-06-10 11:02:08] Data on 'TEMP/SUB/': {"T":"30.03 C","H":"68.01 %"}
2025-06-10 11:02:32,729 - INFO - [2025-06-10 11:02:32] Data on 'TEMP/SUB/': {"T":"30.02 C","H":"67.93 %"}
2025-06-10 11:02:56,795 - INFO - [2025-06-10 11:02:56] Data on 'TEMP/SUB/': {"T":"30.02 C","H":"67.93 %"}
2025-06-10 11:03:20,830 - INFO - [2025-06-10 11:03:20] Data on 'TEMP/SUB/': {"T":"30.03 C","H":"67.90 %"}
2025-06-10 11:03:44,946 - INFO - [2025-06-10 11:03:44] Data on 'TEMP/SUB/': {"T":"30.03 C","H":"67.85 %"}
2025-06-10 11:04:09,006 - INFO - [2025-06-10 11:04:09] Data on 'TEMP/SUB/': {"T":"30.03 C","H":"67.84 %"}
2025-06-10 11:04:33,005 - INFO - [2025-06-10 11:04:33] Data on 'TEMP/SUB/': {"T":"30.03 C","H":"67.79 %"}
2025-06-10 11:04:57,101 - INFO - [2025-06-10 11:04:57] Data on 'TEMP/SUB/': {"T":"30.03 C","H":"67.71 %"}
2025-06-10 11:05:21,180 - INFO - [2025-06-10 11:05:21] Data on 'TEMP/SUB/': {"T":"30.04 C","H":"67.73 %"}
2025-06-10 11:05:45,280 - INFO - [2025-06-10 11:05:45] Data on 'TEMP/SUB/': {"T":"30.04 C","H":"67.59 %"}
2025-06-10 11:06:09,434 - INFO - [2025-06-10 11:06:09] Data on 'TEMP/SUB/': {"T":"30.05 C","H":"67.59 %"}
2025-06-10 11:06:33,334 - INFO - [2025-06-10 11:06:33] Data on 'TEMP/SUB/': {"T":"30.05 C","H":"67.54 %"}
2025-06-10 11:06:57,551 - INFO - [2025-06-10 11:06:57] Data on 'TEMP/SUB/': {"T":"30.05 C","H":"67.49 %"}
2025-06-10 11:07:21,494 - INFO - [2025-06-10 11:07:21] Data on 'TEMP/SUB/': {"T":"30.05 C","H":"67.47 %"}
2025-06-10 11:07:45,593 - INFO - [2025-06-10 11:07:45] Data on 'TEMP/SUB/': {"T":"30.06 C","H":"67.45 %"}
2025-06-10 11:08:09,667 - INFO - [2025-06-10 11:08:09] Data on 'TEMP/SUB/': {"T":"30.05 C","H":"67.39 %"}
2025-06-10 11:08:33,864 - INFO - [2025-06-10 11:08:33] Data on 'TEMP/SUB/': {"T":"30.05 C","H":"67.39 %"}
2025-06-10 11:08:57,889 - INFO - [2025-06-10 11:08:57] Data on 'TEMP/SUB/': {"T":"30.06 C","H":"67.39 %"}
2025-06-10 11:09:21,974 - INFO - [2025-06-10 11:09:21] Data on 'TEMP/SUB/': {"T":"30.07 C","H":"67.35 %"}
2025-06-10 11:09:46,052 - INFO - [2025-06-10 11:09:46] Data on 'TEMP/SUB/': {"T":"30.08 C","H":"67.33 %"}
2025-06-10 11:10:10,158 - INFO - [2025-06-10 11:10:10] Data on 'TEMP/SUB/': {"T":"30.08 C","H":"67.29 %"}
2025-06-10 11:10:34,249 - INFO - [2025-06-10 11:10:34] Data on 'TEMP/SUB/': {"T":"30.09 C","H":"67.18 %"}
2025-06-10 11:10:58,362 - INFO - [2025-06-10 11:10:58] Data on 'TEMP/SUB/': {"T":"30.09 C","H":"67.14 %"}
2025-06-10 11:11:22,737 - INFO - [2025-06-10 11:11:22] Data on 'TEMP/SUB/': {"T":"30.10 C","H":"67.13 %"}
2025-06-10 11:11:46,607 - INFO - [2025-06-10 11:11:46] Data on 'TEMP/SUB/': {"T":"30.11 C","H":"67.11 %"}
2025-06-10 11:12:10,725 - INFO - [2025-06-10 11:12:10] Data on 'TEMP/SUB/': {"T":"30.11 C","H":"67.06 %"}
2025-06-10 11:12:34,823 - INFO - [2025-06-10 11:12:34] Data on 'TEMP/SUB/': {"T":"30.11 C","H":"67.02 %"}
2025-06-10 11:12:59,031 - INFO - [2025-06-10 11:12:59] Data on 'TEMP/SUB/': {"T":"30.11 C","H":"66.94 %"}
2025-06-10 11:13:23,105 - INFO - [2025-06-10 11:13:23] Data on 'TEMP/SUB/': {"T":"30.11 C","H":"66.95 %"}
2025-06-10 11:13:47,214 - INFO - [2025-06-10 11:13:47] Data on 'TEMP/SUB/': {"T":"30.12 C","H":"66.91 %"}
2025-06-10 11:14:11,357 - INFO - [2025-06-10 11:14:11] Data on 'TEMP/SUB/': {"T":"30.11 C","H":"66.87 %"}
2025-06-10 11:14:35,492 - INFO - [2025-06-10 11:14:35] Data on 'TEMP/SUB/': {"T":"30.12 C","H":"66.87 %"}
2025-06-10 11:14:59,671 - INFO - [2025-06-10 11:14:59] Data on 'TEMP/SUB/': {"T":"30.11 C","H":"66.78 %"}
2025-06-10 11:15:23,783 - INFO - [2025-06-10 11:15:23] Data on 'TEMP/SUB/': {"T":"30.10 C","H":"66.80 %"}
2025-06-10 11:15:47,937 - INFO - [2025-06-10 11:15:47] Data on 'TEMP/SUB/': {"T":"30.11 C","H":"66.78 %"}
2025-06-10 11:16:12,087 - INFO - [2025-06-10 11:16:12] Data on 'TEMP/SUB/': {"T":"30.12 C","H":"66.75 %"}
2025-06-10 11:16:36,235 - INFO - [2025-06-10 11:16:36] Data on 'TEMP/SUB/': {"T":"30.13 C","H":"66.69 %"}
2025-06-10 11:17:00,473 - INFO - [2025-06-10 11:17:00] Data on 'TEMP/SUB/': {"T":"30.13 C","H":"66.59 %"}
2025-06-10 11:17:24,690 - INFO - [2025-06-10 11:17:24] Data on 'TEMP/SUB/': {"T":"30.13 C","H":"66.55 %"}
2025-06-10 11:17:48,741 - INFO - [2025-06-10 11:17:48] Data on 'TEMP/SUB/': {"T":"30.13 C","H":"66.53 %"}
2025-06-10 11:18:12,949 - INFO - [2025-06-10 11:18:12] Data on 'TEMP/SUB/': {"T":"30.13 C","H":"66.49 %"}
2025-06-10 11:18:37,069 - INFO - [2025-06-10 11:18:37] Data on 'TEMP/SUB/': {"T":"30.13 C","H":"66.46 %"}
